Determining if the pthread_create exist failed with the following output:
Change Dir: /home/macbook/ur_ws/build/CMakeFiles/CMakeTmp

Run Build Command:"/usr/bin/make" "cmTC_842fc/fast"
/usr/bin/make -f CMakeFiles/cmTC_842fc.dir/build.make CMakeFiles/cmTC_842fc.dir/build
make[1]: Entering directory '/home/macbook/ur_ws/build/CMakeFiles/CMakeTmp'
Building C object CMakeFiles/cmTC_842fc.dir/CheckSymbolExists.c.o
/usr/bin/cc     -o CMakeFiles/cmTC_842fc.dir/CheckSymbolExists.c.o   -c /home/macbook/ur_ws/build/CMakeFiles/CMakeTmp/CheckSymbolExists.c
Linking C executable cmTC_842fc
/usr/bin/cmake -E cmake_link_script CMakeFiles/cmTC_842fc.dir/link.txt --verbose=1
/usr/bin/cc       CMakeFiles/cmTC_842fc.dir/CheckSymbolExists.c.o  -o cmTC_842fc -rdynamic 
CMakeFiles/cmTC_842fc.dir/CheckSymbolExists.c.o: In function `main':
CheckSymbolExists.c:(.text+0x16): undefined reference to `pthread_create'
collect2: error: ld returned 1 exit status
CMakeFiles/cmTC_842fc.dir/build.make:97: recipe for target 'cmTC_842fc' failed
make[1]: *** [cmTC_842fc] Error 1
make[1]: Leaving directory '/home/macbook/ur_ws/build/CMakeFiles/CMakeTmp'
Makefile:126: recipe for target 'cmTC_842fc/fast' failed
make: *** [cmTC_842fc/fast] Error 2

File /home/macbook/ur_ws/build/CMakeFiles/CMakeTmp/CheckSymbolExists.c:
/* */
#include <pthread.h>

int main(int argc, char** argv)
{
  (void)argv;
#ifndef pthread_create
  return ((int*)(&pthread_create))[argc];
#else
  (void)argc;
  return 0;
#endif
}

Determining if the function pthread_create exists in the pthreads failed with the following output:
Change Dir: /home/macbook/ur_ws/build/CMakeFiles/CMakeTmp

Run Build Command:"/usr/bin/make" "cmTC_ad158/fast"
/usr/bin/make -f CMakeFiles/cmTC_ad158.dir/build.make CMakeFiles/cmTC_ad158.dir/build
make[1]: Entering directory '/home/macbook/ur_ws/build/CMakeFiles/CMakeTmp'
Building C object CMakeFiles/cmTC_ad158.dir/CheckFunctionExists.c.o
/usr/bin/cc    -DCHECK_FUNCTION_EXISTS=pthread_create   -o CMakeFiles/cmTC_ad158.dir/CheckFunctionExists.c.o   -c /usr/share/cmake-3.5/Modules/CheckFunctionExists.c
Linking C executable cmTC_ad158
/usr/bin/cmake -E cmake_link_script CMakeFiles/cmTC_ad158.dir/link.txt --verbose=1
/usr/bin/cc   -DCHECK_FUNCTION_EXISTS=pthread_create    CMakeFiles/cmTC_ad158.dir/CheckFunctionExists.c.o  -o cmTC_ad158 -rdynamic -lpthreads 
/usr/bin/ld: cannot find -lpthreads
collect2: error: ld returned 1 exit status
CMakeFiles/cmTC_ad158.dir/build.make:97: recipe for target 'cmTC_ad158' failed
make[1]: *** [cmTC_ad158] Error 1
make[1]: Leaving directory '/home/macbook/ur_ws/build/CMakeFiles/CMakeTmp'
Makefile:126: recipe for target 'cmTC_ad158/fast' failed
make: *** [cmTC_ad158/fast] Error 2


